This is pdfTeX, Version 3.14159265-2.6-1.40.17 (TeX Live 2016/Arch Linux) (preloaded format=pdflatex 2016.11.21)  19 DEC 2016 19:43
entering extended mode
 restricted \write18 enabled.
 %&-line parsing enabled.
**report.tex
(./report.tex
LaTeX2e <2016/03/31> patch level 3
Babel <3.9r> and hyphenation patterns for 83 language(s) loaded.
(/usr/share/texmf-dist/tex/latex/base/article.cls
Document Class: article 2014/09/29 v1.4h Standard LaTeX document class
(/usr/share/texmf-dist/tex/latex/base/size10.clo
File: size10.clo 2014/09/29 v1.4h Standard LaTeX file (size option)
)
\c@part=\count79
\c@section=\count80
\c@subsection=\count81
\c@subsubsection=\count82
\c@paragraph=\count83
\c@subparagraph=\count84
\c@figure=\count85
\c@table=\count86
\abovecaptionskip=\skip41
\belowcaptionskip=\skip42
\bibindent=\dimen102
)
(/usr/share/texmf-dist/tex/latex/caption/subcaption.sty
Package: subcaption 2016/05/22 v1.1-161 Sub-captions (AR)

(/usr/share/texmf-dist/tex/latex/caption/caption.sty
Package: caption 2016/02/21 v3.3-144 Customizing captions (AR)

(/usr/share/texmf-dist/tex/latex/caption/caption3.sty
Package: caption3 2016/05/22 v1.7-166 caption3 kernel (AR)
Package caption3 Info: TeX engine: e-TeX on input line 67.

(/usr/share/texmf-dist/tex/latex/graphics/keyval.sty
Package: keyval 2014/10/28 v1.15 key=value parser (DPC)
\KV@toks@=\toks14
)
\captionmargin=\dimen103
\captionmargin@=\dimen104
\captionwidth=\dimen105
\caption@tempdima=\dimen106
\caption@indent=\dimen107
\caption@parindent=\dimen108
\caption@hangindent=\dimen109
)
\c@ContinuedFloat=\count87
)
\c@subfigure=\count88
\c@subtable=\count89
)
(/usr/share/texmf-dist/tex/latex/amsmath/amsmath.sty
Package: amsmath 2016/06/28 v2.15d AMS math features
\@mathmargin=\skip43

For additional information on amsmath, use the `?' option.
(/usr/share/texmf-dist/tex/latex/amsmath/amstext.sty
Package: amstext 2000/06/29 v2.01 AMS text

(/usr/share/texmf-dist/tex/latex/amsmath/amsgen.sty
File: amsgen.sty 1999/11/30 v2.0 generic functions
\@emptytoks=\toks15
\ex@=\dimen110
))
(/usr/share/texmf-dist/tex/latex/amsmath/amsbsy.sty
Package: amsbsy 1999/11/29 v1.2d Bold Symbols
\pmbraise@=\dimen111
)
(/usr/share/texmf-dist/tex/latex/amsmath/amsopn.sty
Package: amsopn 2016/03/08 v2.02 operator names
)
\inf@bad=\count90
LaTeX Info: Redefining \frac on input line 199.
\uproot@=\count91
\leftroot@=\count92
LaTeX Info: Redefining \overline on input line 297.
\classnum@=\count93
\DOTSCASE@=\count94
LaTeX Info: Redefining \ldots on input line 394.
LaTeX Info: Redefining \dots on input line 397.
LaTeX Info: Redefining \cdots on input line 518.
\Mathstrutbox@=\box26
\strutbox@=\box27
\big@size=\dimen112
LaTeX Font Info:    Redeclaring font encoding OML on input line 634.
LaTeX Font Info:    Redeclaring font encoding OMS on input line 635.
\macc@depth=\count95
\c@MaxMatrixCols=\count96
\dotsspace@=\muskip10
\c@parentequation=\count97
\dspbrk@lvl=\count98
\tag@help=\toks16
\row@=\count99
\column@=\count100
\maxfields@=\count101
\andhelp@=\toks17
\eqnshift@=\dimen113
\alignsep@=\dimen114
\tagshift@=\dimen115
\tagwidth@=\dimen116
\totwidth@=\dimen117
\lineht@=\dimen118
\@envbody=\toks18
\multlinegap=\skip44
\multlinetaggap=\skip45
\mathdisplay@stack=\toks19
LaTeX Info: Redefining \[ on input line 2739.
LaTeX Info: Redefining \] on input line 2740.
)
(/usr/share/texmf-dist/tex/latex/graphics/color.sty
Package: color 2016/07/10 v1.1e Standard LaTeX Color (DPC)

(/usr/share/texmf-dist/tex/latex/graphics-cfg/color.cfg
File: color.cfg 2016/01/02 v1.6 sample color configuration
)
Package color Info: Driver file: pdftex.def on input line 147.

(/usr/share/texmf-dist/tex/latex/graphics-def/pdftex.def
File: pdftex.def 2016/07/10 v0.06j Graphics/color for pdfTeX

(/usr/share/texmf-dist/tex/generic/oberdiek/infwarerr.sty
Package: infwarerr 2016/05/16 v1.4 Providing info/warning/error messages (HO)
)
(/usr/share/texmf-dist/tex/generic/oberdiek/ltxcmds.sty
Package: ltxcmds 2016/05/16 v1.23 LaTeX kernel commands for general use (HO)
)
\Gread@gobject=\count102
))
(/usr/share/texmf-dist/tex/latex/xcolor/xcolor.sty
Package: xcolor 2016/05/11 v2.12 LaTeX color extensions (UK)

(/usr/share/texmf-dist/tex/latex/graphics-cfg/color.cfg
File: color.cfg 2016/01/02 v1.6 sample color configuration
)
Package xcolor Info: Driver file: pdftex.def on input line 225.
LaTeX Info: Redefining \color on input line 709.
Package xcolor Info: Model `cmy' substituted by `cmy0' on input line 1348.
Package xcolor Info: Model `hsb' substituted by `rgb' on input line 1352.
Package xcolor Info: Model `RGB' extended on input line 1364.
Package xcolor Info: Model `HTML' substituted by `rgb' on input line 1366.
Package xcolor Info: Model `Hsb' substituted by `hsb' on input line 1367.
Package xcolor Info: Model `tHsb' substituted by `hsb' on input line 1368.
Package xcolor Info: Model `HSB' substituted by `hsb' on input line 1369.
Package xcolor Info: Model `Gray' substituted by `gray' on input line 1370.
Package xcolor Info: Model `wave' substituted by `hsb' on input line 1371.
)
(/usr/share/texmf-dist/tex/latex/graphics/graphicx.sty
Package: graphicx 2014/10/28 v1.0g Enhanced LaTeX Graphics (DPC,SPQR)

(/usr/share/texmf-dist/tex/latex/graphics/graphics.sty
Package: graphics 2016/07/10 v1.0t Standard LaTeX Graphics (DPC,SPQR)

(/usr/share/texmf-dist/tex/latex/graphics/trig.sty
Package: trig 2016/01/03 v1.10 sin cos tan (DPC)
)
(/usr/share/texmf-dist/tex/latex/graphics-cfg/graphics.cfg
File: graphics.cfg 2016/06/04 v1.11 sample graphics configuration
)
Package graphics Info: Driver file: pdftex.def on input line 99.
)
\Gin@req@height=\dimen119
\Gin@req@width=\dimen120
)
(/usr/share/texmf-dist/tex/latex/float/float.sty
Package: float 2001/11/08 v1.3d Float enhancements (AL)
\c@float@type=\count103
\float@exts=\toks20
\float@box=\box28
\@float@everytoks=\toks21
\@floatcapt=\box29
)
(/usr/share/texmf-dist/tex/latex/hyperref/hyperref.sty
Package: hyperref 2016/06/24 v6.83q Hypertext links for LaTeX

(/usr/share/texmf-dist/tex/generic/oberdiek/hobsub-hyperref.sty
Package: hobsub-hyperref 2016/05/16 v1.14 Bundle oberdiek, subset hyperref (HO)


(/usr/share/texmf-dist/tex/generic/oberdiek/hobsub-generic.sty
Package: hobsub-generic 2016/05/16 v1.14 Bundle oberdiek, subset generic (HO)
Package: hobsub 2016/05/16 v1.14 Construct package bundles (HO)
Package hobsub Info: Skipping package `infwarerr' (already loaded).
Package hobsub Info: Skipping package `ltxcmds' (already loaded).
Package: ifluatex 2016/05/16 v1.4 Provides the ifluatex switch (HO)
Package ifluatex Info: LuaTeX not detected.
Package: ifvtex 2016/05/16 v1.6 Detect VTeX and its facilities (HO)
Package ifvtex Info: VTeX not detected.
Package: intcalc 2016/05/16 v1.2 Expandable calculations with integers (HO)
Package: ifpdf 2016/05/14 v3.1 Provides the ifpdf switch
Package: etexcmds 2016/05/16 v1.6 Avoid name clashes with e-TeX commands (HO)
Package etexcmds Info: Could not find \expanded.
(etexcmds)             That can mean that you are not using pdfTeX 1.50 or
(etexcmds)             that some package has redefined \expanded.
(etexcmds)             In the latter case, load this package earlier.
Package: kvsetkeys 2016/05/16 v1.17 Key value parser (HO)
Package: kvdefinekeys 2016/05/16 v1.4 Define keys (HO)
Package: pdftexcmds 2016/05/21 v0.22 Utility functions of pdfTeX for LuaTeX (HO
)
Package pdftexcmds Info: LuaTeX not detected.
Package pdftexcmds Info: \pdf@primitive is available.
Package pdftexcmds Info: \pdf@ifprimitive is available.
Package pdftexcmds Info: \pdfdraftmode found.
Package: pdfescape 2016/05/16 v1.14 Implements pdfTeX's escape features (HO)
Package: bigintcalc 2016/05/16 v1.4 Expandable calculations on big integers (HO
)
Package: bitset 2016/05/16 v1.2 Handle bit-vector datatype (HO)
Package: uniquecounter 2016/05/16 v1.3 Provide unlimited unique counter (HO)
)
Package hobsub Info: Skipping package `hobsub' (already loaded).
Package: letltxmacro 2016/05/16 v1.5 Let assignment for LaTeX macros (HO)
Package: hopatch 2016/05/16 v1.3 Wrapper for package hooks (HO)
Package: xcolor-patch 2016/05/16 xcolor patch
Package: atveryend 2016/05/16 v1.9 Hooks at the very end of document (HO)
Package atveryend Info: \enddocument detected (standard20110627).
Package: atbegshi 2016/06/09 v1.18 At begin shipout hook (HO)
Package: refcount 2016/05/16 v3.5 Data extraction from label references (HO)
Package: hycolor 2016/05/16 v1.8 Color options for hyperref/bookmark (HO)
)
(/usr/share/texmf-dist/tex/generic/ifxetex/ifxetex.sty
Package: ifxetex 2010/09/12 v0.6 Provides ifxetex conditional
)
(/usr/share/texmf-dist/tex/latex/oberdiek/auxhook.sty
Package: auxhook 2016/05/16 v1.4 Hooks for auxiliary files (HO)
)
(/usr/share/texmf-dist/tex/latex/oberdiek/kvoptions.sty
Package: kvoptions 2016/05/16 v3.12 Key value format for package options (HO)
)
\@linkdim=\dimen121
\Hy@linkcounter=\count104
\Hy@pagecounter=\count105

(/usr/share/texmf-dist/tex/latex/hyperref/pd1enc.def
File: pd1enc.def 2016/06/24 v6.83q Hyperref: PDFDocEncoding definition (HO)
)
\Hy@SavedSpaceFactor=\count106

(/usr/share/texmf-dist/tex/latex/latexconfig/hyperref.cfg
File: hyperref.cfg 2002/06/06 v1.2 hyperref configuration of TeXLive
)
Package hyperref Info: Hyper figures OFF on input line 4486.
Package hyperref Info: Link nesting OFF on input line 4491.
Package hyperref Info: Hyper index ON on input line 4494.
Package hyperref Info: Plain pages OFF on input line 4501.
Package hyperref Info: Backreferencing OFF on input line 4506.
Package hyperref Info: Implicit mode ON; LaTeX internals redefined.
Package hyperref Info: Bookmarks ON on input line 4735.
\c@Hy@tempcnt=\count107

(/usr/share/texmf-dist/tex/latex/url/url.sty
\Urlmuskip=\muskip11
Package: url 2013/09/16  ver 3.4  Verb mode for urls, etc.
)
LaTeX Info: Redefining \url on input line 5088.
\XeTeXLinkMargin=\dimen122
\Fld@menulength=\count108
\Field@Width=\dimen123
\Fld@charsize=\dimen124
Package hyperref Info: Hyper figures OFF on input line 6342.
Package hyperref Info: Link nesting OFF on input line 6347.
Package hyperref Info: Hyper index ON on input line 6350.
Package hyperref Info: backreferencing OFF on input line 6357.
Package hyperref Info: Link coloring OFF on input line 6362.
Package hyperref Info: Link coloring with OCG OFF on input line 6367.
Package hyperref Info: PDF/A mode OFF on input line 6372.
LaTeX Info: Redefining \ref on input line 6412.
LaTeX Info: Redefining \pageref on input line 6416.
\Hy@abspage=\count109
\c@Item=\count110
\c@Hfootnote=\count111
)

Package hyperref Message: Driver (autodetected): hpdftex.

(/usr/share/texmf-dist/tex/latex/hyperref/hpdftex.def
File: hpdftex.def 2016/06/24 v6.83q Hyperref driver for pdfTeX
\Fld@listcount=\count112
\c@bookmark@seq@number=\count113

(/usr/share/texmf-dist/tex/latex/oberdiek/rerunfilecheck.sty
Package: rerunfilecheck 2016/05/16 v1.8 Rerun checks for auxiliary files (HO)
Package uniquecounter Info: New unique counter `rerunfilecheck' on input line 2
82.
)
\Hy@SectionHShift=\skip46
)
(/usr/share/texmf-dist/tex/latex/enumitem/enumitem.sty
Package: enumitem 2011/09/28 v3.5.2 Customized lists
\labelindent=\skip47
\enit@outerparindent=\dimen125
\enit@toks=\toks22
\enit@inbox=\box30
\enitdp@description=\count114
)
(/usr/share/texmf-dist/tex/latex/footmisc/footmisc.sty
Package: footmisc 2011/06/06 v5.5b a miscellany of footnote facilities
\FN@temptoken=\toks23
\footnotemargin=\dimen126
\c@pp@next@reset=\count115
Package footmisc Info: Declaring symbol style bringhurst on input line 855.
Package footmisc Info: Declaring symbol style chicago on input line 863.
Package footmisc Info: Declaring symbol style wiley on input line 872.
Package footmisc Info: Declaring symbol style lamport-robust on input line 883.

Package footmisc Info: Declaring symbol style lamport* on input line 903.
Package footmisc Info: Declaring symbol style lamport*-robust on input line 924
.
)
(/usr/share/texmf-dist/tex/latex/geometry/geometry.sty
Package: geometry 2010/09/12 v5.6 Page Geometry
\Gm@cnth=\count116
\Gm@cntv=\count117
\c@Gm@tempcnt=\count118
\Gm@bindingoffset=\dimen127
\Gm@wd@mp=\dimen128
\Gm@odd@mp=\dimen129
\Gm@even@mp=\dimen130
\Gm@layoutwidth=\dimen131
\Gm@layoutheight=\dimen132
\Gm@layouthoffset=\dimen133
\Gm@layoutvoffset=\dimen134
\Gm@dimlist=\toks24
) (./report.aux)
\openout1 = `report.aux'.

LaTeX Font Info:    Checking defaults for OML/cmm/m/it on input line 21.
LaTeX Font Info:    ... okay on input line 21.
LaTeX Font Info:    Checking defaults for T1/cmr/m/n on input line 21.
LaTeX Font Info:    ... okay on input line 21.
LaTeX Font Info:    Checking defaults for OT1/cmr/m/n on input line 21.
LaTeX Font Info:    ... okay on input line 21.
LaTeX Font Info:    Checking defaults for OMS/cmsy/m/n on input line 21.
LaTeX Font Info:    ... okay on input line 21.
LaTeX Font Info:    Checking defaults for OMX/cmex/m/n on input line 21.
LaTeX Font Info:    ... okay on input line 21.
LaTeX Font Info:    Checking defaults for U/cmr/m/n on input line 21.
LaTeX Font Info:    ... okay on input line 21.
LaTeX Font Info:    Checking defaults for PD1/pdf/m/n on input line 21.
LaTeX Font Info:    ... okay on input line 21.
Package caption Info: Begin \AtBeginDocument code.
Package caption Info: float package is loaded.
Package caption Info: hyperref package is loaded.
Package caption Info: End \AtBeginDocument code.

(/usr/share/texmf-dist/tex/context/base/mkii/supp-pdf.mkii
[Loading MPS to PDF converter (version 2006.09.02).]
\scratchcounter=\count119
\scratchdimen=\dimen135
\scratchbox=\box31
\nofMPsegments=\count120
\nofMParguments=\count121
\everyMPshowfont=\toks25
\MPscratchCnt=\count122
\MPscratchDim=\dimen136
\MPnumerator=\count123
\makeMPintoPDFobject=\count124
\everyMPtoPDFconversion=\toks26
) (/usr/share/texmf-dist/tex/latex/oberdiek/epstopdf-base.sty
Package: epstopdf-base 2016/05/15 v2.6 Base part for package epstopdf

(/usr/share/texmf-dist/tex/latex/oberdiek/grfext.sty
Package: grfext 2016/05/16 v1.2 Manage graphics extensions (HO)
)
Package epstopdf-base Info: Redefining graphics rule for `.eps' on input line 4
38.
Package grfext Info: Graphics extension search list:
(grfext)             [.png,.pdf,.jpg,.mps,.jpeg,.jbig2,.jb2,.PNG,.PDF,.JPG,.JPE
G,.JBIG2,.JB2,.eps]
(grfext)             \AppendGraphicsExtensions on input line 456.

(/usr/share/texmf-dist/tex/latex/latexconfig/epstopdf-sys.cfg
File: epstopdf-sys.cfg 2010/07/13 v1.3 Configuration of (r)epstopdf for TeX Liv
e
))
\AtBeginShipoutBox=\box32
Package hyperref Info: Link coloring OFF on input line 21.

(/usr/share/texmf-dist/tex/latex/hyperref/nameref.sty
Package: nameref 2016/05/21 v2.44 Cross-referencing by name of section

(/usr/share/texmf-dist/tex/generic/oberdiek/gettitlestring.sty
Package: gettitlestring 2016/05/16 v1.5 Cleanup title references (HO)
)
\c@section@level=\count125
)
LaTeX Info: Redefining \ref on input line 21.
LaTeX Info: Redefining \pageref on input line 21.
LaTeX Info: Redefining \nameref on input line 21.
 (./report.out) (./report.out)
\@outlinefile=\write3
\openout3 = `report.out'.


*geometry* driver: auto-detecting
*geometry* detected driver: pdftex
*geometry* verbose mode - [ preamble ] result:
* driver: pdftex
* paper: <default>
* layout: <same size as paper>
* layoutoffset:(h,v)=(0.0pt,0.0pt)
* modes: 
* h-part:(L,W,R)=(57.81621pt, 498.66258pt, 57.81621pt)
* v-part:(T,H,B)=(36.135pt, 701.01878pt, 57.81621pt)
* \paperwidth=614.295pt
* \paperheight=794.96999pt
* \textwidth=498.66258pt
* \textheight=701.01878pt
* \oddsidemargin=-14.45378pt
* \evensidemargin=-14.45378pt
* \topmargin=-73.135pt
* \headheight=12.0pt
* \headsep=25.0pt
* \topskip=10.0pt
* \footskip=30.0pt
* \marginparwidth=65.0pt
* \marginparsep=11.0pt
* \columnsep=10.0pt
* \skip\footins=9.0pt plus 4.0pt minus 2.0pt
* \hoffset=0.0pt
* \voffset=0.0pt
* \mag=1000
* \@twocolumnfalse
* \@twosidefalse
* \@mparswitchfalse
* \@reversemarginfalse
* (1in=72.27pt=25.4mm, 1cm=28.453pt)

LaTeX Font Info:    Try loading font information for OML+cmr on input line 23.
(/usr/share/texmf-dist/tex/latex/base/omlcmr.fd
File: omlcmr.fd 2014/09/29 v2.5h Standard LaTeX font definitions
)
LaTeX Font Info:    Font shape `OML/cmr/m/n' in size <12> not available
(Font)              Font shape `OML/cmm/m/it' tried instead on input line 23.

Underfull \hbox (badness 10000) in paragraph at lines 28--35

 []

<resources/architecture.png, id=98, 575.14874pt x 419.5675pt>
File: resources/architecture.png Graphic file (type png)

<use resources/architecture.png>
Package pdftex.def Info: resources/architecture.png used on input line 38.
(pdftex.def)             Requested size: 398.93158pt x 291.02557pt.

Underfull \hbox (badness 10000) in paragraph at lines 44--52

 []

[1

{/var/lib/texmf/fonts/map/pdftex/updmap/pdftex.map} <./resources/architecture.p
ng>]
Underfull \hbox (badness 10000) in paragraph at lines 55--63

 []

<resources/start_sequence.png, id=117, 811.03pt x 444.66125pt>
File: resources/start_sequence.png Graphic file (type png)

<use resources/start_sequence.png>
Package pdftex.def Info: resources/start_sequence.png used on input line 66.
(pdftex.def)             Requested size: 498.66258pt x 273.40736pt.
 [2 <./resources/start_sequence.png>]
<resources/caching_performance.jpg, id=127, 578.16pt x 433.62pt>
File: resources/caching_performance.jpg Graphic file (type jpg)

<use resources/caching_performance.jpg>
Package pdftex.def Info: resources/caching_performance.jpg used on input line 9
0.
(pdftex.def)             Requested size: 274.26593pt x 205.69374pt.

<resources/cache_size.jpg, id=129, 578.16pt x 433.62pt>
File: resources/cache_size.jpg Graphic file (type jpg)

<use resources/cache_size.jpg>
Package pdftex.def Info: resources/cache_size.jpg used on input line 103.
(pdftex.def)             Requested size: 274.26593pt x 205.69374pt.

Underfull \hbox (badness 10000) in paragraph at lines 112--123

 []


Underfull \hbox (badness 10000) in paragraph at lines 112--123

 []

[3 <./resources/caching_performance.jpg> <./resources/cache_size.jpg>]
<resources/three_neighborhoods.png, id=146, 481.8pt x 481.8pt>
File: resources/three_neighborhoods.png Graphic file (type png)

<use resources/three_neighborhoods.png>
Package pdftex.def Info: resources/three_neighborhoods.png used on input line 1
27.
(pdftex.def)             Requested size: 249.33128pt x 249.33176pt.

<resources/big_cluster.png, id=147, 481.8pt x 481.8pt>
File: resources/big_cluster.png Graphic file (type png)

<use resources/big_cluster.png>
Package pdftex.def Info: resources/big_cluster.png used on input line 132.
(pdftex.def)             Requested size: 249.33128pt x 249.33176pt.

Underfull \hbox (badness 10000) in paragraph at lines 141--150

 []


Underfull \hbox (badness 10000) in paragraph at lines 152--158

 []

[4 <./resources/three_neighborhoods.png (PNG copy)> <./resources/big_cluster.pn
g (PNG copy)>]
<resources/occupancy_three_neighborhoods.jpg, id=166, 578.16pt x 433.62pt>
File: resources/occupancy_three_neighborhoods.jpg Graphic file (type jpg)

<use resources/occupancy_three_neighborhoods.jpg>
Package pdftex.def Info: resources/occupancy_three_neighborhoods.jpg used on in
put line 163.
(pdftex.def)             Requested size: 249.33128pt x 186.99551pt.

<resources/occupancy_big_cluster.jpg, id=167, 578.16pt x 433.62pt>
File: resources/occupancy_big_cluster.jpg Graphic file (type jpg)

<use resources/occupancy_big_cluster.jpg>
Package pdftex.def Info: resources/occupancy_big_cluster.jpg used on input line
 168.
(pdftex.def)             Requested size: 249.33128pt x 186.99551pt.

<resources/three_neighborhoods_dist_rate_trip_eff.jpg, id=170, 578.16pt x 433.6
2pt>
File: resources/three_neighborhoods_dist_rate_trip_eff.jpg Graphic file (type j
pg)
 <use resources/three_neighborhoods_dist_rate_trip_eff.jpg>
Package pdftex.def Info: resources/three_neighborhoods_dist_rate_trip_eff.jpg u
sed on input line 184.
(pdftex.def)             Requested size: 249.33128pt x 186.99551pt.

<resources/big_cluster_dist_rate_trip_eff.jpg, id=171, 578.16pt x 433.62pt>
File: resources/big_cluster_dist_rate_trip_eff.jpg Graphic file (type jpg)

<use resources/big_cluster_dist_rate_trip_eff.jpg>
Package pdftex.def Info: resources/big_cluster_dist_rate_trip_eff.jpg used on i
nput line 189.
(pdftex.def)             Requested size: 249.33128pt x 186.99551pt.

<resources/three_neighborhoods_dist_rate_overflow.jpg, id=172, 578.16pt x 433.6
2pt>
File: resources/three_neighborhoods_dist_rate_overflow.jpg Graphic file (type j
pg)
 <use resources/three_neighborhoods_dist_rate_overflow.jpg>
Package pdftex.def Info: resources/three_neighborhoods_dist_rate_overflow.jpg u
sed on input line 202.
(pdftex.def)             Requested size: 249.33128pt x 186.99551pt.

<resources/big_cluster_dist_rate_overflow.jpg, id=173, 578.16pt x 433.62pt>
File: resources/big_cluster_dist_rate_overflow.jpg Graphic file (type jpg)

<use resources/big_cluster_dist_rate_overflow.jpg>
Package pdftex.def Info: resources/big_cluster_dist_rate_overflow.jpg used on i
nput line 207.
(pdftex.def)             Requested size: 249.33128pt x 186.99551pt.
 [5 <./resources/occupancy_three_neighborhoods.jpg> <./resources/occupancy_big_
cluster.jpg> <./resources/three_neighborhoods_dist_rate_trip_eff.jpg> <./resour
ces/big_cluster_dist_rate_trip_eff.jpg>]
<resources/three_neighborhoods_service_freq_trip_eff_algo.jpg, id=180, 578.16pt
 x 433.62pt>
File: resources/three_neighborhoods_service_freq_trip_eff_algo.jpg Graphic file
 (type jpg)

<use resources/three_neighborhoods_service_freq_trip_eff_algo.jpg>
Package pdftex.def Info: resources/three_neighborhoods_service_freq_trip_eff_al
go.jpg used on input line 225.
(pdftex.def)             Requested size: 249.33128pt x 186.99551pt.

<resources/big_cluster_service_freq_trip_eff_algo.jpg, id=181, 562.2606pt x 421
.575pt>
File: resources/big_cluster_service_freq_trip_eff_algo.jpg Graphic file (type j
pg)
 <use resources/big_cluster_service_freq_trip_eff_algo.jpg>
Package pdftex.def Info: resources/big_cluster_service_freq_trip_eff_algo.jpg u
sed on input line 230.
(pdftex.def)             Requested size: 249.33128pt x 186.94736pt.
 [6 <./resources/three_neighborhoods_dist_rate_overflow.jpg> <./resources/big_c
luster_dist_rate_overflow.jpg> <./resources/three_neighborhoods_service_freq_tr
ip_eff_algo.jpg> <./resources/big_cluster_service_freq_trip_eff_algo.jpg>]
LaTeX Font Info:    Try loading font information for OMS+cmr on input line 279.


(/usr/share/texmf-dist/tex/latex/base/omscmr.fd
File: omscmr.fd 2014/09/29 v2.5h Standard LaTeX font definitions
)
LaTeX Font Info:    Font shape `OMS/cmr/m/n' in size <10> not available
(Font)              Font shape `OMS/cmsy/m/n' tried instead on input line 279.

Underfull \hbox (badness 10000) in paragraph at lines 302--308

 []

[7]
Package atveryend Info: Empty hook `BeforeClearDocument' on input line 334.
 [8]
Package atveryend Info: Empty hook `AfterLastShipout' on input line 334.
 (./report.aux)
Package atveryend Info: Executing hook `AtVeryEndDocument' on input line 334.
Package atveryend Info: Executing hook `AtEndAfterFileList' on input line 334.
Package rerunfilecheck Info: File `report.out' has not changed.
(rerunfilecheck)             Checksum: 870BB2FF8EACB92467379A3D70A7D44D;1448.
Package atveryend Info: Empty hook `AtVeryVeryEnd' on input line 334.
 ) 
Here is how much of TeX's memory you used:
 8281 strings out of 493013
 124668 string characters out of 6139316
 222754 words of memory out of 5000000
 11678 multiletter control sequences out of 15000+600000
 10181 words of font info for 37 fonts, out of 8000000 for 9000
 1141 hyphenation exceptions out of 8191
 42i,8n,40p,270b,516s stack positions out of 5000i,500n,10000p,200000b,80000s
pdfTeX warning (dest): name{Hfootnote.4} has been referenced but does not exi
st, replaced by a fixed one

pdfTeX warning (dest): name{Hfootnote.3} has been referenced but does not exist
, replaced by a fixed one

pdfTeX warning (dest): name{Hfootnote.2} has been referenced but does not exist
, replaced by a fixed one

pdfTeX warning (dest): name{Hfootnote.1} has been referenced but does not exist
, replaced by a fixed one

</usr/share/texmf-dist/fonts/type1/public/amsfonts/cm/cmbx10.pfb></usr/share/te
xmf-dist/fonts/type1/public/amsfonts/cm/cmbx12.pfb></usr/share/texmf-dist/fonts
/type1/public/amsfonts/cm/cmmi10.pfb></usr/share/texmf-dist/fonts/type1/public/
amsfonts/cm/cmmi12.pfb></usr/share/texmf-dist/fonts/type1/public/amsfonts/cm/cm
mi7.pfb></usr/share/texmf-dist/fonts/type1/public/amsfonts/cm/cmr10.pfb></usr/s
hare/texmf-dist/fonts/type1/public/amsfonts/cm/cmr12.pfb></usr/share/texmf-dist
/fonts/type1/public/amsfonts/cm/cmr17.pfb></usr/share/texmf-dist/fonts/type1/pu
blic/amsfonts/cm/cmr6.pfb></usr/share/texmf-dist/fonts/type1/public/amsfonts/cm
/cmr7.pfb></usr/share/texmf-dist/fonts/type1/public/amsfonts/cm/cmr8.pfb></usr/
share/texmf-dist/fonts/type1/public/amsfonts/cm/cmr9.pfb></usr/share/texmf-dist
/fonts/type1/public/amsfonts/cm/cmsy10.pfb></usr/share/texmf-dist/fonts/type1/p
ublic/amsfonts/cm/cmsy7.pfb></usr/share/texmf-dist/fonts/type1/public/amsfonts/
cm/cmti10.pfb></usr/share/texmf-dist/fonts/type1/public/amsfonts/cm/cmti9.pfb><
/usr/share/texmf-dist/fonts/type1/public/amsfonts/cm/cmtt10.pfb>
Output written on report.pdf (8 pages, 821318 bytes).
PDF statistics:
 277 PDF objects out of 1000 (max. 8388607)
 231 compressed objects within 3 object streams
 54 named destinations out of 1000 (max. 500000)
 255 words of extra memory for PDF output out of 10000 (max. 10000000)

